<?xml version="1.0" encoding="UTF-8"?>
<coverage generated="1586475956786" clover="3.2.0">
  <project timestamp="1586475956786" name="All files">
    <metrics statements="51" coveredstatements="36" conditionals="67" coveredconditionals="35" methods="21" coveredmethods="12" elements="139" coveredelements="83" complexity="0" loc="51" ncloc="51" packages="2" files="3" classes="3"/>
    <package name="components">
      <metrics statements="1" coveredstatements="0" conditionals="0" coveredconditionals="0" methods="1" coveredmethods="0"/>
      <file name="Footer.js" path="D:\myProjects\FindAHarp-fe\src\components\Footer.js">
        <metrics statements="1" coveredstatements="0" conditionals="0" coveredconditionals="0" methods="1" coveredmethods="0"/>
        <line num="4" count="0" type="stmt"/>
      </file>
    </package>
    <package name="utils">
      <metrics statements="50" coveredstatements="36" conditionals="67" coveredconditionals="35" methods="20" coveredmethods="12"/>
      <file name="helpers.js" path="D:\myProjects\FindAHarp-fe\src\utils\helpers.js">
        <metrics statements="44" coveredstatements="30" conditionals="67" coveredconditionals="35" methods="18" coveredmethods="10"/>
        <line num="2" count="0" type="stmt"/>
        <line num="21" count="0" type="stmt"/>
        <line num="22" count="0" type="cond" truecount="0" falsecount="2"/>
        <line num="23" count="0" type="cond" truecount="0" falsecount="4"/>
        <line num="24" count="0" type="cond" truecount="0" falsecount="4"/>
        <line num="25" count="0" type="cond" truecount="0" falsecount="2"/>
        <line num="26" count="0" type="cond" truecount="0" falsecount="2"/>
        <line num="27" count="0" type="cond" truecount="0" falsecount="2"/>
        <line num="28" count="0" type="stmt"/>
        <line num="30" count="1" type="stmt"/>
        <line num="32" count="8" type="cond" truecount="4" falsecount="0"/>
        <line num="33" count="7" type="cond" truecount="2" falsecount="0"/>
        <line num="34" count="6" type="cond" truecount="2" falsecount="0"/>
        <line num="37" count="5" type="stmt"/>
        <line num="38" count="25" type="cond" truecount="2" falsecount="0"/>
        <line num="39" count="3" type="stmt"/>
        <line num="40" count="13" type="cond" truecount="2" falsecount="0"/>
        <line num="45" count="5" type="cond" truecount="2" falsecount="0"/>
        <line num="46" count="2" type="stmt"/>
        <line num="49" count="3" type="cond" truecount="4" falsecount="0"/>
        <line num="50" count="2" type="cond" truecount="2" falsecount="0"/>
        <line num="52" count="1" type="stmt"/>
        <line num="53" count="1" type="stmt"/>
        <line num="54" count="5" type="cond" truecount="2" falsecount="0"/>
        <line num="55" count="1" type="stmt"/>
        <line num="56" count="9" type="stmt"/>
        <line num="60" count="1" type="stmt"/>
        <line num="64" count="5" type="cond" truecount="4" falsecount="0"/>
        <line num="66" count="4" type="stmt"/>
        <line num="67" count="4" type="stmt"/>
        <line num="69" count="20" type="cond" truecount="1" falsecount="1"/>
        <line num="71" count="20" type="cond" truecount="5" falsecount="0"/>
        <line num="72" count="15" type="stmt"/>
        <line num="73" count="45" type="cond" truecount="2" falsecount="0"/>
        <line num="76" count="5" type="cond" truecount="1" falsecount="1"/>
        <line num="77" count="5" type="stmt"/>
        <line num="78" count="15" type="stmt"/>
        <line num="83" count="4" type="stmt"/>
        <line num="84" count="4" type="stmt"/>
        <line num="87" count="0" type="cond" truecount="0" falsecount="2"/>
        <line num="88" count="0" type="cond" truecount="0" falsecount="4"/>
        <line num="89" count="0" type="cond" truecount="0" falsecount="4"/>
        <line num="90" count="0" type="cond" truecount="0" falsecount="4"/>
        <line num="92" count="0" type="stmt"/>
      </file>
      <file name="testHelpers.js" path="D:\myProjects\FindAHarp-fe\src\utils\testHelpers.js">
        <metrics statements="6" coveredstatements="6" conditionals="0" coveredconditionals="0" methods="2" coveredmethods="2"/>
        <line num="1" count="1" type="stmt"/>
        <line num="2" count="6" type="stmt"/>
        <line num="4" count="6" type="stmt"/>
        <line num="5" count="6" type="stmt"/>
        <line num="8" count="6" type="stmt"/>
        <line num="10" count="6" type="stmt"/>
      </file>
    </package>
  </project>
</coverage>
