{"D:\\myProjects\\FindAHarp-fe\\src\\components\\Footer.js": {"path":"D:\\myProjects\\FindAHarp-fe\\src\\components\\Footer.js","statementMap":{"0":{"start":{"line":4,"column":4},"end":{"line":8,"column":5}}},"fnMap":{"0":{"name":"Footer","decl":{"start":{"line":3,"column":9},"end":{"line":3,"column":15}},"loc":{"start":{"line":3,"column":18},"end":{"line":9,"column":1}},"line":3}},"branchMap":{},"s":{"0":0},"f":{"0":0},"b":{},"_coverageSchema":"1a1c01bbd47fc00a2c39e90264f33305004495a9","hash":"593ed211e587da9b88e103486849b5c6b67377e9"}
,"D:\\myProjects\\FindAHarp-fe\\src\\utils\\helpers.js": {"path":"D:\\myProjects\\FindAHarp-fe\\src\\utils\\helpers.js","statementMap":{"0":{"start":{"line":2,"column":33},"end":{"line":2,"column":87}},"1":{"start":{"line":2,"column":71},"end":{"line":2,"column":80}},"2":{"start":{"line":21,"column":4},"end":{"line":21,"column":32}},"3":{"start":{"line":22,"column":4},"end":{"line":22,"column":41}},"4":{"start":{"line":22,"column":20},"end":{"line":22,"column":41}},"5":{"start":{"line":23,"column":4},"end":{"line":23,"column":58}},"6":{"start":{"line":23,"column":36},"end":{"line":23,"column":58}},"7":{"start":{"line":24,"column":4},"end":{"line":24,"column":58}},"8":{"start":{"line":24,"column":37},"end":{"line":24,"column":58}},"9":{"start":{"line":25,"column":4},"end":{"line":25,"column":41}},"10":{"start":{"line":25,"column":20},"end":{"line":25,"column":41}},"11":{"start":{"line":26,"column":4},"end":{"line":26,"column":48}},"12":{"start":{"line":26,"column":22},"end":{"line":26,"column":48}},"13":{"start":{"line":27,"column":4},"end":{"line":27,"column":49}},"14":{"start":{"line":27,"column":20},"end":{"line":27,"column":49}},"15":{"start":{"line":28,"column":4},"end":{"line":28,"column":27}},"16":{"start":{"line":30,"column":30},"end":{"line":47,"column":1}},"17":{"start":{"line":32,"column":4},"end":{"line":32,"column":140}},"18":{"start":{"line":32,"column":64},"end":{"line":32,"column":140}},"19":{"start":{"line":33,"column":4},"end":{"line":33,"column":79}},"20":{"start":{"line":33,"column":16},"end":{"line":33,"column":79}},"21":{"start":{"line":34,"column":4},"end":{"line":34,"column":79}},"22":{"start":{"line":34,"column":16},"end":{"line":34,"column":79}},"23":{"start":{"line":37,"column":4},"end":{"line":43,"column":6}},"24":{"start":{"line":38,"column":8},"end":{"line":42,"column":9}},"25":{"start":{"line":39,"column":12},"end":{"line":41,"column":15}},"26":{"start":{"line":40,"column":16},"end":{"line":40,"column":83}},"27":{"start":{"line":40,"column":52},"end":{"line":40,"column":83}},"28":{"start":{"line":45,"column":4},"end":{"line":45,"column":36}},"29":{"start":{"line":45,"column":19},"end":{"line":45,"column":36}},"30":{"start":{"line":46,"column":4},"end":{"line":46,"column":23}},"31":{"start":{"line":49,"column":4},"end":{"line":49,"column":145}},"32":{"start":{"line":49,"column":64},"end":{"line":49,"column":145}},"33":{"start":{"line":50,"column":4},"end":{"line":50,"column":91}},"34":{"start":{"line":50,"column":23},"end":{"line":50,"column":91}},"35":{"start":{"line":52,"column":20},"end":{"line":52,"column":22}},"36":{"start":{"line":53,"column":4},"end":{"line":59,"column":7}},"37":{"start":{"line":54,"column":8},"end":{"line":58,"column":9}},"38":{"start":{"line":55,"column":12},"end":{"line":57,"column":15}},"39":{"start":{"line":56,"column":16},"end":{"line":56,"column":51}},"40":{"start":{"line":60,"column":4},"end":{"line":60,"column":21}},"41":{"start":{"line":64,"column":4},"end":{"line":64,"column":137}},"42":{"start":{"line":64,"column":64},"end":{"line":64,"column":137}},"43":{"start":{"line":66,"column":20},"end":{"line":66,"column":22}},"44":{"start":{"line":67,"column":4},"end":{"line":82,"column":7}},"45":{"start":{"line":69,"column":8},"end":{"line":81,"column":9}},"46":{"start":{"line":71,"column":12},"end":{"line":80,"column":13}},"47":{"start":{"line":72,"column":16},"end":{"line":74,"column":19}},"48":{"start":{"line":73,"column":20},"end":{"line":73,"column":94}},"49":{"start":{"line":73,"column":59},"end":{"line":73,"column":94}},"50":{"start":{"line":76,"column":19},"end":{"line":80,"column":13}},"51":{"start":{"line":77,"column":16},"end":{"line":79,"column":19}},"52":{"start":{"line":78,"column":20},"end":{"line":78,"column":57}},"53":{"start":{"line":83,"column":4},"end":{"line":83,"column":35}},"54":{"start":{"line":84,"column":4},"end":{"line":84,"column":21}},"55":{"start":{"line":87,"column":4},"end":{"line":87,"column":138}},"56":{"start":{"line":87,"column":40},"end":{"line":87,"column":138}},"57":{"start":{"line":87,"column":94},"end":{"line":87,"column":136}},"58":{"start":{"line":88,"column":4},"end":{"line":88,"column":145}},"59":{"start":{"line":88,"column":62},"end":{"line":88,"column":145}},"60":{"start":{"line":88,"column":104},"end":{"line":88,"column":143}},"61":{"start":{"line":89,"column":4},"end":{"line":89,"column":145}},"62":{"start":{"line":89,"column":62},"end":{"line":89,"column":145}},"63":{"start":{"line":89,"column":104},"end":{"line":89,"column":143}},"64":{"start":{"line":90,"column":4},"end":{"line":90,"column":213}},"65":{"start":{"line":90,"column":60},"end":{"line":90,"column":213}},"66":{"start":{"line":90,"column":102},"end":{"line":90,"column":211}},"67":{"start":{"line":92,"column":4},"end":{"line":92,"column":28}}},"fnMap":{"0":{"name":"leaf","decl":{"start":{"line":2,"column":16},"end":{"line":2,"column":20}},"loc":{"start":{"line":2,"column":32},"end":{"line":2,"column":88}},"line":2},"1":{"name":"(anonymous_1)","decl":{"start":{"line":2,"column":57},"end":{"line":2,"column":58}},"loc":{"start":{"line":2,"column":71},"end":{"line":2,"column":80}},"line":2},"2":{"name":"findSizeWords","decl":{"start":{"line":20,"column":16},"end":{"line":20,"column":29}},"loc":{"start":{"line":20,"column":45},"end":{"line":29,"column":1}},"line":20},"3":{"name":"(anonymous_3)","decl":{"start":{"line":30,"column":30},"end":{"line":30,"column":31}},"loc":{"start":{"line":30,"column":68},"end":{"line":47,"column":1}},"line":30},"4":{"name":"(anonymous_4)","decl":{"start":{"line":37,"column":27},"end":{"line":37,"column":28}},"loc":{"start":{"line":37,"column":47},"end":{"line":43,"column":5}},"line":37},"5":{"name":"(anonymous_5)","decl":{"start":{"line":39,"column":48},"end":{"line":39,"column":49}},"loc":{"start":{"line":39,"column":59},"end":{"line":41,"column":13}},"line":39},"6":{"name":"getModelListForMaker","decl":{"start":{"line":48,"column":16},"end":{"line":48,"column":36}},"loc":{"start":{"line":48,"column":71},"end":{"line":61,"column":1}},"line":48},"7":{"name":"(anonymous_7)","decl":{"start":{"line":53,"column":27},"end":{"line":53,"column":28}},"loc":{"start":{"line":53,"column":36},"end":{"line":59,"column":5}},"line":53},"8":{"name":"(anonymous_8)","decl":{"start":{"line":55,"column":37},"end":{"line":55,"column":38}},"loc":{"start":{"line":55,"column":46},"end":{"line":57,"column":13}},"line":55},"9":{"name":"getModelList","decl":{"start":{"line":62,"column":16},"end":{"line":62,"column":28}},"loc":{"start":{"line":62,"column":76},"end":{"line":85,"column":1}},"line":62},"10":{"name":"(anonymous_10)","decl":{"start":{"line":67,"column":27},"end":{"line":67,"column":28}},"loc":{"start":{"line":67,"column":36},"end":{"line":82,"column":5}},"line":67},"11":{"name":"(anonymous_11)","decl":{"start":{"line":72,"column":41},"end":{"line":72,"column":42}},"loc":{"start":{"line":72,"column":50},"end":{"line":74,"column":17}},"line":72},"12":{"name":"(anonymous_12)","decl":{"start":{"line":77,"column":41},"end":{"line":77,"column":42}},"loc":{"start":{"line":77,"column":52},"end":{"line":79,"column":17}},"line":77},"13":{"name":"getFilteredProducts","decl":{"start":{"line":86,"column":16},"end":{"line":86,"column":35}},"loc":{"start":{"line":86,"column":64},"end":{"line":93,"column":1}},"line":86},"14":{"name":"(anonymous_14)","decl":{"start":{"line":87,"column":83},"end":{"line":87,"column":84}},"loc":{"start":{"line":87,"column":94},"end":{"line":87,"column":136}},"line":87},"15":{"name":"(anonymous_15)","decl":{"start":{"line":88,"column":93},"end":{"line":88,"column":94}},"loc":{"start":{"line":88,"column":104},"end":{"line":88,"column":143}},"line":88},"16":{"name":"(anonymous_16)","decl":{"start":{"line":89,"column":93},"end":{"line":89,"column":94}},"loc":{"start":{"line":89,"column":104},"end":{"line":89,"column":143}},"line":89},"17":{"name":"(anonymous_17)","decl":{"start":{"line":90,"column":91},"end":{"line":90,"column":92}},"loc":{"start":{"line":90,"column":102},"end":{"line":90,"column":211}},"line":90}},"branchMap":{"0":{"loc":{"start":{"line":22,"column":4},"end":{"line":22,"column":41}},"type":"if","locations":[{"start":{"line":22,"column":4},"end":{"line":22,"column":41}},{"start":{"line":22,"column":4},"end":{"line":22,"column":41}}],"line":22},"1":{"loc":{"start":{"line":23,"column":4},"end":{"line":23,"column":58}},"type":"if","locations":[{"start":{"line":23,"column":4},"end":{"line":23,"column":58}},{"start":{"line":23,"column":4},"end":{"line":23,"column":58}}],"line":23},"2":{"loc":{"start":{"line":23,"column":8},"end":{"line":23,"column":34}},"type":"binary-expr","locations":[{"start":{"line":23,"column":8},"end":{"line":23,"column":18}},{"start":{"line":23,"column":20},"end":{"line":23,"column":34}}],"line":23},"3":{"loc":{"start":{"line":24,"column":4},"end":{"line":24,"column":58}},"type":"if","locations":[{"start":{"line":24,"column":4},"end":{"line":24,"column":58}},{"start":{"line":24,"column":4},"end":{"line":24,"column":58}}],"line":24},"4":{"loc":{"start":{"line":24,"column":8},"end":{"line":24,"column":34}},"type":"binary-expr","locations":[{"start":{"line":24,"column":8},"end":{"line":24,"column":18}},{"start":{"line":24,"column":20},"end":{"line":24,"column":34}}],"line":24},"5":{"loc":{"start":{"line":25,"column":4},"end":{"line":25,"column":41}},"type":"if","locations":[{"start":{"line":25,"column":4},"end":{"line":25,"column":41}},{"start":{"line":25,"column":4},"end":{"line":25,"column":41}}],"line":25},"6":{"loc":{"start":{"line":26,"column":4},"end":{"line":26,"column":48}},"type":"if","locations":[{"start":{"line":26,"column":4},"end":{"line":26,"column":48}},{"start":{"line":26,"column":4},"end":{"line":26,"column":48}}],"line":26},"7":{"loc":{"start":{"line":27,"column":4},"end":{"line":27,"column":49}},"type":"if","locations":[{"start":{"line":27,"column":4},"end":{"line":27,"column":49}},{"start":{"line":27,"column":4},"end":{"line":27,"column":49}}],"line":27},"8":{"loc":{"start":{"line":32,"column":4},"end":{"line":32,"column":140}},"type":"if","locations":[{"start":{"line":32,"column":4},"end":{"line":32,"column":140}},{"start":{"line":32,"column":4},"end":{"line":32,"column":140}}],"line":32},"9":{"loc":{"start":{"line":32,"column":8},"end":{"line":32,"column":62}},"type":"binary-expr","locations":[{"start":{"line":32,"column":8},"end":{"line":32,"column":27}},{"start":{"line":32,"column":31},"end":{"line":32,"column":62}}],"line":32},"10":{"loc":{"start":{"line":33,"column":4},"end":{"line":33,"column":79}},"type":"if","locations":[{"start":{"line":33,"column":4},"end":{"line":33,"column":79}},{"start":{"line":33,"column":4},"end":{"line":33,"column":79}}],"line":33},"11":{"loc":{"start":{"line":34,"column":4},"end":{"line":34,"column":79}},"type":"if","locations":[{"start":{"line":34,"column":4},"end":{"line":34,"column":79}},{"start":{"line":34,"column":4},"end":{"line":34,"column":79}}],"line":34},"12":{"loc":{"start":{"line":38,"column":8},"end":{"line":42,"column":9}},"type":"if","locations":[{"start":{"line":38,"column":8},"end":{"line":42,"column":9}},{"start":{"line":38,"column":8},"end":{"line":42,"column":9}}],"line":38},"13":{"loc":{"start":{"line":40,"column":16},"end":{"line":40,"column":83}},"type":"if","locations":[{"start":{"line":40,"column":16},"end":{"line":40,"column":83}},{"start":{"line":40,"column":16},"end":{"line":40,"column":83}}],"line":40},"14":{"loc":{"start":{"line":45,"column":4},"end":{"line":45,"column":36}},"type":"if","locations":[{"start":{"line":45,"column":4},"end":{"line":45,"column":36}},{"start":{"line":45,"column":4},"end":{"line":45,"column":36}}],"line":45},"15":{"loc":{"start":{"line":49,"column":4},"end":{"line":49,"column":145}},"type":"if","locations":[{"start":{"line":49,"column":4},"end":{"line":49,"column":145}},{"start":{"line":49,"column":4},"end":{"line":49,"column":145}}],"line":49},"16":{"loc":{"start":{"line":49,"column":8},"end":{"line":49,"column":62}},"type":"binary-expr","locations":[{"start":{"line":49,"column":8},"end":{"line":49,"column":27}},{"start":{"line":49,"column":31},"end":{"line":49,"column":62}}],"line":49},"17":{"loc":{"start":{"line":50,"column":4},"end":{"line":50,"column":91}},"type":"if","locations":[{"start":{"line":50,"column":4},"end":{"line":50,"column":91}},{"start":{"line":50,"column":4},"end":{"line":50,"column":91}}],"line":50},"18":{"loc":{"start":{"line":54,"column":8},"end":{"line":58,"column":9}},"type":"if","locations":[{"start":{"line":54,"column":8},"end":{"line":58,"column":9}},{"start":{"line":54,"column":8},"end":{"line":58,"column":9}}],"line":54},"19":{"loc":{"start":{"line":64,"column":4},"end":{"line":64,"column":137}},"type":"if","locations":[{"start":{"line":64,"column":4},"end":{"line":64,"column":137}},{"start":{"line":64,"column":4},"end":{"line":64,"column":137}}],"line":64},"20":{"loc":{"start":{"line":64,"column":8},"end":{"line":64,"column":62}},"type":"binary-expr","locations":[{"start":{"line":64,"column":8},"end":{"line":64,"column":27}},{"start":{"line":64,"column":31},"end":{"line":64,"column":62}}],"line":64},"21":{"loc":{"start":{"line":69,"column":8},"end":{"line":81,"column":9}},"type":"if","locations":[{"start":{"line":69,"column":8},"end":{"line":81,"column":9}},{"start":{"line":69,"column":8},"end":{"line":81,"column":9}}],"line":69},"22":{"loc":{"start":{"line":71,"column":12},"end":{"line":80,"column":13}},"type":"if","locations":[{"start":{"line":71,"column":12},"end":{"line":80,"column":13}},{"start":{"line":71,"column":12},"end":{"line":80,"column":13}}],"line":71},"23":{"loc":{"start":{"line":71,"column":16},"end":{"line":71,"column":96}},"type":"binary-expr","locations":[{"start":{"line":71,"column":16},"end":{"line":71,"column":39}},{"start":{"line":71,"column":43},"end":{"line":71,"column":69}},{"start":{"line":71,"column":73},"end":{"line":71,"column":96}}],"line":71},"24":{"loc":{"start":{"line":73,"column":20},"end":{"line":73,"column":94}},"type":"if","locations":[{"start":{"line":73,"column":20},"end":{"line":73,"column":94}},{"start":{"line":73,"column":20},"end":{"line":73,"column":94}}],"line":73},"25":{"loc":{"start":{"line":76,"column":19},"end":{"line":80,"column":13}},"type":"if","locations":[{"start":{"line":76,"column":19},"end":{"line":80,"column":13}},{"start":{"line":76,"column":19},"end":{"line":80,"column":13}}],"line":76},"26":{"loc":{"start":{"line":87,"column":4},"end":{"line":87,"column":138}},"type":"if","locations":[{"start":{"line":87,"column":4},"end":{"line":87,"column":138}},{"start":{"line":87,"column":4},"end":{"line":87,"column":138}}],"line":87},"27":{"loc":{"start":{"line":88,"column":4},"end":{"line":88,"column":145}},"type":"if","locations":[{"start":{"line":88,"column":4},"end":{"line":88,"column":145}},{"start":{"line":88,"column":4},"end":{"line":88,"column":145}}],"line":88},"28":{"loc":{"start":{"line":88,"column":8},"end":{"line":88,"column":60}},"type":"binary-expr","locations":[{"start":{"line":88,"column":8},"end":{"line":88,"column":22}},{"start":{"line":88,"column":26},"end":{"line":88,"column":60}}],"line":88},"29":{"loc":{"start":{"line":89,"column":4},"end":{"line":89,"column":145}},"type":"if","locations":[{"start":{"line":89,"column":4},"end":{"line":89,"column":145}},{"start":{"line":89,"column":4},"end":{"line":89,"column":145}}],"line":89},"30":{"loc":{"start":{"line":89,"column":8},"end":{"line":89,"column":60}},"type":"binary-expr","locations":[{"start":{"line":89,"column":8},"end":{"line":89,"column":22}},{"start":{"line":89,"column":26},"end":{"line":89,"column":60}}],"line":89},"31":{"loc":{"start":{"line":90,"column":4},"end":{"line":90,"column":213}},"type":"if","locations":[{"start":{"line":90,"column":4},"end":{"line":90,"column":213}},{"start":{"line":90,"column":4},"end":{"line":90,"column":213}}],"line":90},"32":{"loc":{"start":{"line":90,"column":8},"end":{"line":90,"column":58}},"type":"binary-expr","locations":[{"start":{"line":90,"column":8},"end":{"line":90,"column":21}},{"start":{"line":90,"column":25},"end":{"line":90,"column":58}}],"line":90}},"s":{"0":0,"1":0,"2":0,"3":0,"4":0,"5":0,"6":0,"7":0,"8":0,"9":0,"10":0,"11":0,"12":0,"13":0,"14":0,"15":0,"16":1,"17":8,"18":1,"19":7,"20":1,"21":6,"22":1,"23":5,"24":25,"25":3,"26":13,"27":3,"28":5,"29":3,"30":2,"31":3,"32":1,"33":2,"34":1,"35":1,"36":1,"37":5,"38":1,"39":9,"40":1,"41":5,"42":1,"43":4,"44":4,"45":20,"46":20,"47":15,"48":45,"49":15,"50":5,"51":5,"52":15,"53":4,"54":4,"55":0,"56":0,"57":0,"58":0,"59":0,"60":0,"61":0,"62":0,"63":0,"64":0,"65":0,"66":0,"67":0},"f":{"0":0,"1":0,"2":0,"3":8,"4":25,"5":13,"6":3,"7":5,"8":9,"9":5,"10":20,"11":45,"12":15,"13":0,"14":0,"15":0,"16":0,"17":0},"b":{"0":[0,0],"1":[0,0],"2":[0,0],"3":[0,0],"4":[0,0],"5":[0,0],"6":[0,0],"7":[0,0],"8":[1,7],"9":[8,7],"10":[1,6],"11":[1,5],"12":[3,22],"13":[3,10],"14":[3,2],"15":[1,2],"16":[3,2],"17":[1,1],"18":[1,4],"19":[1,4],"20":[5,4],"21":[20,0],"22":[15,5],"23":[20,15,10],"24":[15,30],"25":[5,0],"26":[0,0],"27":[0,0],"28":[0,0],"29":[0,0],"30":[0,0],"31":[0,0],"32":[0,0]},"_coverageSchema":"1a1c01bbd47fc00a2c39e90264f33305004495a9","hash":"d93226619db2e930a80e7cc1af31bfcebdd0c88c"}
,"D:\\myProjects\\FindAHarp-fe\\src\\utils\\testHelpers.js": {"path":"D:\\myProjects\\FindAHarp-fe\\src\\utils\\testHelpers.js","statementMap":{"0":{"start":{"line":1,"column":26},"end":{"line":12,"column":1}},"1":{"start":{"line":2,"column":4},"end":{"line":11,"column":7}},"2":{"start":{"line":4,"column":8},"end":{"line":9,"column":9}},"3":{"start":{"line":5,"column":12},"end":{"line":5,"column":80}},"4":{"start":{"line":8,"column":12},"end":{"line":8,"column":32}},"5":{"start":{"line":10,"column":8},"end":{"line":10,"column":58}}},"fnMap":{"0":{"name":"(anonymous_0)","decl":{"start":{"line":1,"column":26},"end":{"line":1,"column":27}},"loc":{"start":{"line":1,"column":86},"end":{"line":12,"column":1}},"line":1},"1":{"name":"(anonymous_1)","decl":{"start":{"line":2,"column":24},"end":{"line":2,"column":25}},"loc":{"start":{"line":2,"column":30},"end":{"line":11,"column":5}},"line":2}},"branchMap":{},"s":{"0":1,"1":6,"2":6,"3":6,"4":6,"5":6},"f":{"0":6,"1":6},"b":{},"_coverageSchema":"1a1c01bbd47fc00a2c39e90264f33305004495a9","hash":"1a4a41b5be59516a85c23465f82f6566d77f96f9"}
}
