{"D:\\myProjects\\FindAHarp-fe\\src\\components\\Footer.js": {"path":"D:\\myProjects\\FindAHarp-fe\\src\\components\\Footer.js","statementMap":{"0":{"start":{"line":4,"column":4},"end":{"line":8,"column":5}}},"fnMap":{"0":{"name":"Footer","decl":{"start":{"line":3,"column":9},"end":{"line":3,"column":15}},"loc":{"start":{"line":3,"column":18},"end":{"line":9,"column":1}},"line":3}},"branchMap":{},"s":{"0":0},"f":{"0":0},"b":{},"_coverageSchema":"1a1c01bbd47fc00a2c39e90264f33305004495a9","hash":"593ed211e587da9b88e103486849b5c6b67377e9"}
,"D:\\myProjects\\FindAHarp-fe\\src\\utils\\helpers.js": {"path":"D:\\myProjects\\FindAHarp-fe\\src\\utils\\helpers.js","statementMap":{"0":{"start":{"line":2,"column":33},"end":{"line":2,"column":87}},"1":{"start":{"line":2,"column":71},"end":{"line":2,"column":80}},"2":{"start":{"line":6,"column":4},"end":{"line":6,"column":32}},"3":{"start":{"line":7,"column":4},"end":{"line":7,"column":61}},"4":{"start":{"line":7,"column":41},"end":{"line":7,"column":61}},"5":{"start":{"line":8,"column":4},"end":{"line":8,"column":57}},"6":{"start":{"line":8,"column":36},"end":{"line":8,"column":57}},"7":{"start":{"line":9,"column":4},"end":{"line":9,"column":58}},"8":{"start":{"line":9,"column":36},"end":{"line":9,"column":58}},"9":{"start":{"line":10,"column":4},"end":{"line":10,"column":58}},"10":{"start":{"line":10,"column":37},"end":{"line":10,"column":58}},"11":{"start":{"line":11,"column":4},"end":{"line":11,"column":41}},"12":{"start":{"line":11,"column":20},"end":{"line":11,"column":41}},"13":{"start":{"line":12,"column":4},"end":{"line":12,"column":48}},"14":{"start":{"line":12,"column":22},"end":{"line":12,"column":48}},"15":{"start":{"line":13,"column":4},"end":{"line":13,"column":49}},"16":{"start":{"line":13,"column":20},"end":{"line":13,"column":49}},"17":{"start":{"line":14,"column":4},"end":{"line":14,"column":27}},"18":{"start":{"line":16,"column":30},"end":{"line":33,"column":1}},"19":{"start":{"line":18,"column":4},"end":{"line":18,"column":140}},"20":{"start":{"line":18,"column":64},"end":{"line":18,"column":140}},"21":{"start":{"line":19,"column":4},"end":{"line":19,"column":79}},"22":{"start":{"line":19,"column":16},"end":{"line":19,"column":79}},"23":{"start":{"line":20,"column":4},"end":{"line":20,"column":79}},"24":{"start":{"line":20,"column":16},"end":{"line":20,"column":79}},"25":{"start":{"line":23,"column":4},"end":{"line":29,"column":6}},"26":{"start":{"line":24,"column":8},"end":{"line":28,"column":9}},"27":{"start":{"line":25,"column":12},"end":{"line":27,"column":15}},"28":{"start":{"line":26,"column":16},"end":{"line":26,"column":83}},"29":{"start":{"line":26,"column":52},"end":{"line":26,"column":83}},"30":{"start":{"line":31,"column":4},"end":{"line":31,"column":36}},"31":{"start":{"line":31,"column":19},"end":{"line":31,"column":36}},"32":{"start":{"line":32,"column":4},"end":{"line":32,"column":23}},"33":{"start":{"line":35,"column":4},"end":{"line":35,"column":145}},"34":{"start":{"line":35,"column":64},"end":{"line":35,"column":145}},"35":{"start":{"line":36,"column":4},"end":{"line":36,"column":91}},"36":{"start":{"line":36,"column":23},"end":{"line":36,"column":91}},"37":{"start":{"line":38,"column":20},"end":{"line":38,"column":22}},"38":{"start":{"line":39,"column":4},"end":{"line":45,"column":7}},"39":{"start":{"line":40,"column":8},"end":{"line":44,"column":9}},"40":{"start":{"line":41,"column":12},"end":{"line":43,"column":15}},"41":{"start":{"line":42,"column":16},"end":{"line":42,"column":51}},"42":{"start":{"line":46,"column":4},"end":{"line":46,"column":21}},"43":{"start":{"line":50,"column":4},"end":{"line":50,"column":137}},"44":{"start":{"line":50,"column":64},"end":{"line":50,"column":137}},"45":{"start":{"line":51,"column":20},"end":{"line":51,"column":22}},"46":{"start":{"line":52,"column":4},"end":{"line":67,"column":7}},"47":{"start":{"line":54,"column":8},"end":{"line":66,"column":9}},"48":{"start":{"line":56,"column":12},"end":{"line":65,"column":13}},"49":{"start":{"line":57,"column":16},"end":{"line":59,"column":19}},"50":{"start":{"line":58,"column":20},"end":{"line":58,"column":94}},"51":{"start":{"line":58,"column":59},"end":{"line":58,"column":94}},"52":{"start":{"line":61,"column":19},"end":{"line":65,"column":13}},"53":{"start":{"line":62,"column":16},"end":{"line":64,"column":19}},"54":{"start":{"line":63,"column":20},"end":{"line":63,"column":57}},"55":{"start":{"line":69,"column":4},"end":{"line":69,"column":35}},"56":{"start":{"line":70,"column":4},"end":{"line":70,"column":21}},"57":{"start":{"line":73,"column":4},"end":{"line":73,"column":138}},"58":{"start":{"line":73,"column":40},"end":{"line":73,"column":138}},"59":{"start":{"line":73,"column":94},"end":{"line":73,"column":136}},"60":{"start":{"line":74,"column":4},"end":{"line":74,"column":145}},"61":{"start":{"line":74,"column":62},"end":{"line":74,"column":145}},"62":{"start":{"line":74,"column":104},"end":{"line":74,"column":143}},"63":{"start":{"line":75,"column":4},"end":{"line":75,"column":145}},"64":{"start":{"line":75,"column":62},"end":{"line":75,"column":145}},"65":{"start":{"line":75,"column":104},"end":{"line":75,"column":143}},"66":{"start":{"line":76,"column":4},"end":{"line":76,"column":213}},"67":{"start":{"line":76,"column":60},"end":{"line":76,"column":213}},"68":{"start":{"line":76,"column":102},"end":{"line":76,"column":211}},"69":{"start":{"line":78,"column":4},"end":{"line":78,"column":28}},"70":{"start":{"line":81,"column":35},"end":{"line":90,"column":1}},"71":{"start":{"line":82,"column":28},"end":{"line":82,"column":30}},"72":{"start":{"line":83,"column":22},"end":{"line":83,"column":24}},"73":{"start":{"line":84,"column":4},"end":{"line":86,"column":7}},"74":{"start":{"line":85,"column":8},"end":{"line":85,"column":112}},"75":{"start":{"line":85,"column":87},"end":{"line":85,"column":109}},"76":{"start":{"line":87,"column":4},"end":{"line":87,"column":92}},"77":{"start":{"line":87,"column":37},"end":{"line":87,"column":90}},"78":{"start":{"line":88,"column":4},"end":{"line":88,"column":68}},"79":{"start":{"line":88,"column":38},"end":{"line":88,"column":67}},"80":{"start":{"line":89,"column":4},"end":{"line":89,"column":21}}},"fnMap":{"0":{"name":"leaf","decl":{"start":{"line":2,"column":16},"end":{"line":2,"column":20}},"loc":{"start":{"line":2,"column":32},"end":{"line":2,"column":88}},"line":2},"1":{"name":"(anonymous_1)","decl":{"start":{"line":2,"column":57},"end":{"line":2,"column":58}},"loc":{"start":{"line":2,"column":71},"end":{"line":2,"column":80}},"line":2},"2":{"name":"findSizeWords","decl":{"start":{"line":5,"column":16},"end":{"line":5,"column":29}},"loc":{"start":{"line":5,"column":45},"end":{"line":15,"column":1}},"line":5},"3":{"name":"(anonymous_3)","decl":{"start":{"line":16,"column":30},"end":{"line":16,"column":31}},"loc":{"start":{"line":16,"column":68},"end":{"line":33,"column":1}},"line":16},"4":{"name":"(anonymous_4)","decl":{"start":{"line":23,"column":27},"end":{"line":23,"column":28}},"loc":{"start":{"line":23,"column":47},"end":{"line":29,"column":5}},"line":23},"5":{"name":"(anonymous_5)","decl":{"start":{"line":25,"column":48},"end":{"line":25,"column":49}},"loc":{"start":{"line":25,"column":59},"end":{"line":27,"column":13}},"line":25},"6":{"name":"getModelListForMaker","decl":{"start":{"line":34,"column":16},"end":{"line":34,"column":36}},"loc":{"start":{"line":34,"column":71},"end":{"line":47,"column":1}},"line":34},"7":{"name":"(anonymous_7)","decl":{"start":{"line":39,"column":27},"end":{"line":39,"column":28}},"loc":{"start":{"line":39,"column":36},"end":{"line":45,"column":5}},"line":39},"8":{"name":"(anonymous_8)","decl":{"start":{"line":41,"column":37},"end":{"line":41,"column":38}},"loc":{"start":{"line":41,"column":46},"end":{"line":43,"column":13}},"line":41},"9":{"name":"getModelList","decl":{"start":{"line":48,"column":16},"end":{"line":48,"column":28}},"loc":{"start":{"line":48,"column":76},"end":{"line":71,"column":1}},"line":48},"10":{"name":"(anonymous_10)","decl":{"start":{"line":52,"column":27},"end":{"line":52,"column":28}},"loc":{"start":{"line":52,"column":36},"end":{"line":67,"column":5}},"line":52},"11":{"name":"(anonymous_11)","decl":{"start":{"line":57,"column":41},"end":{"line":57,"column":42}},"loc":{"start":{"line":57,"column":50},"end":{"line":59,"column":17}},"line":57},"12":{"name":"(anonymous_12)","decl":{"start":{"line":62,"column":41},"end":{"line":62,"column":42}},"loc":{"start":{"line":62,"column":52},"end":{"line":64,"column":17}},"line":62},"13":{"name":"getFilteredProducts","decl":{"start":{"line":72,"column":16},"end":{"line":72,"column":35}},"loc":{"start":{"line":72,"column":64},"end":{"line":79,"column":1}},"line":72},"14":{"name":"(anonymous_14)","decl":{"start":{"line":73,"column":83},"end":{"line":73,"column":84}},"loc":{"start":{"line":73,"column":94},"end":{"line":73,"column":136}},"line":73},"15":{"name":"(anonymous_15)","decl":{"start":{"line":74,"column":93},"end":{"line":74,"column":94}},"loc":{"start":{"line":74,"column":104},"end":{"line":74,"column":143}},"line":74},"16":{"name":"(anonymous_16)","decl":{"start":{"line":75,"column":93},"end":{"line":75,"column":94}},"loc":{"start":{"line":75,"column":104},"end":{"line":75,"column":143}},"line":75},"17":{"name":"(anonymous_17)","decl":{"start":{"line":76,"column":91},"end":{"line":76,"column":92}},"loc":{"start":{"line":76,"column":102},"end":{"line":76,"column":211}},"line":76},"18":{"name":"(anonymous_18)","decl":{"start":{"line":81,"column":35},"end":{"line":81,"column":36}},"loc":{"start":{"line":81,"column":60},"end":{"line":90,"column":1}},"line":81},"19":{"name":"(anonymous_19)","decl":{"start":{"line":84,"column":14},"end":{"line":84,"column":15}},"loc":{"start":{"line":84,"column":23},"end":{"line":86,"column":5}},"line":84},"20":{"name":"(anonymous_20)","decl":{"start":{"line":85,"column":71},"end":{"line":85,"column":72}},"loc":{"start":{"line":85,"column":87},"end":{"line":85,"column":109}},"line":85},"21":{"name":"(anonymous_21)","decl":{"start":{"line":87,"column":27},"end":{"line":87,"column":28}},"loc":{"start":{"line":87,"column":37},"end":{"line":87,"column":90}},"line":87},"22":{"name":"(anonymous_22)","decl":{"start":{"line":88,"column":26},"end":{"line":88,"column":27}},"loc":{"start":{"line":88,"column":38},"end":{"line":88,"column":67}},"line":88}},"branchMap":{"0":{"loc":{"start":{"line":7,"column":4},"end":{"line":7,"column":61}},"type":"if","locations":[{"start":{"line":7,"column":4},"end":{"line":7,"column":61}},{"start":{"line":7,"column":4},"end":{"line":7,"column":61}}],"line":7},"1":{"loc":{"start":{"line":7,"column":8},"end":{"line":7,"column":39}},"type":"binary-expr","locations":[{"start":{"line":7,"column":8},"end":{"line":7,"column":18}},{"start":{"line":7,"column":20},"end":{"line":7,"column":39}}],"line":7},"2":{"loc":{"start":{"line":8,"column":4},"end":{"line":8,"column":57}},"type":"if","locations":[{"start":{"line":8,"column":4},"end":{"line":8,"column":57}},{"start":{"line":8,"column":4},"end":{"line":8,"column":57}}],"line":8},"3":{"loc":{"start":{"line":8,"column":8},"end":{"line":8,"column":34}},"type":"binary-expr","locations":[{"start":{"line":8,"column":8},"end":{"line":8,"column":18}},{"start":{"line":8,"column":20},"end":{"line":8,"column":34}}],"line":8},"4":{"loc":{"start":{"line":9,"column":4},"end":{"line":9,"column":58}},"type":"if","locations":[{"start":{"line":9,"column":4},"end":{"line":9,"column":58}},{"start":{"line":9,"column":4},"end":{"line":9,"column":58}}],"line":9},"5":{"loc":{"start":{"line":9,"column":8},"end":{"line":9,"column":34}},"type":"binary-expr","locations":[{"start":{"line":9,"column":8},"end":{"line":9,"column":18}},{"start":{"line":9,"column":20},"end":{"line":9,"column":34}}],"line":9},"6":{"loc":{"start":{"line":10,"column":4},"end":{"line":10,"column":58}},"type":"if","locations":[{"start":{"line":10,"column":4},"end":{"line":10,"column":58}},{"start":{"line":10,"column":4},"end":{"line":10,"column":58}}],"line":10},"7":{"loc":{"start":{"line":10,"column":8},"end":{"line":10,"column":34}},"type":"binary-expr","locations":[{"start":{"line":10,"column":8},"end":{"line":10,"column":18}},{"start":{"line":10,"column":20},"end":{"line":10,"column":34}}],"line":10},"8":{"loc":{"start":{"line":11,"column":4},"end":{"line":11,"column":41}},"type":"if","locations":[{"start":{"line":11,"column":4},"end":{"line":11,"column":41}},{"start":{"line":11,"column":4},"end":{"line":11,"column":41}}],"line":11},"9":{"loc":{"start":{"line":12,"column":4},"end":{"line":12,"column":48}},"type":"if","locations":[{"start":{"line":12,"column":4},"end":{"line":12,"column":48}},{"start":{"line":12,"column":4},"end":{"line":12,"column":48}}],"line":12},"10":{"loc":{"start":{"line":13,"column":4},"end":{"line":13,"column":49}},"type":"if","locations":[{"start":{"line":13,"column":4},"end":{"line":13,"column":49}},{"start":{"line":13,"column":4},"end":{"line":13,"column":49}}],"line":13},"11":{"loc":{"start":{"line":18,"column":4},"end":{"line":18,"column":140}},"type":"if","locations":[{"start":{"line":18,"column":4},"end":{"line":18,"column":140}},{"start":{"line":18,"column":4},"end":{"line":18,"column":140}}],"line":18},"12":{"loc":{"start":{"line":18,"column":8},"end":{"line":18,"column":62}},"type":"binary-expr","locations":[{"start":{"line":18,"column":8},"end":{"line":18,"column":27}},{"start":{"line":18,"column":31},"end":{"line":18,"column":62}}],"line":18},"13":{"loc":{"start":{"line":19,"column":4},"end":{"line":19,"column":79}},"type":"if","locations":[{"start":{"line":19,"column":4},"end":{"line":19,"column":79}},{"start":{"line":19,"column":4},"end":{"line":19,"column":79}}],"line":19},"14":{"loc":{"start":{"line":20,"column":4},"end":{"line":20,"column":79}},"type":"if","locations":[{"start":{"line":20,"column":4},"end":{"line":20,"column":79}},{"start":{"line":20,"column":4},"end":{"line":20,"column":79}}],"line":20},"15":{"loc":{"start":{"line":24,"column":8},"end":{"line":28,"column":9}},"type":"if","locations":[{"start":{"line":24,"column":8},"end":{"line":28,"column":9}},{"start":{"line":24,"column":8},"end":{"line":28,"column":9}}],"line":24},"16":{"loc":{"start":{"line":26,"column":16},"end":{"line":26,"column":83}},"type":"if","locations":[{"start":{"line":26,"column":16},"end":{"line":26,"column":83}},{"start":{"line":26,"column":16},"end":{"line":26,"column":83}}],"line":26},"17":{"loc":{"start":{"line":31,"column":4},"end":{"line":31,"column":36}},"type":"if","locations":[{"start":{"line":31,"column":4},"end":{"line":31,"column":36}},{"start":{"line":31,"column":4},"end":{"line":31,"column":36}}],"line":31},"18":{"loc":{"start":{"line":35,"column":4},"end":{"line":35,"column":145}},"type":"if","locations":[{"start":{"line":35,"column":4},"end":{"line":35,"column":145}},{"start":{"line":35,"column":4},"end":{"line":35,"column":145}}],"line":35},"19":{"loc":{"start":{"line":35,"column":8},"end":{"line":35,"column":62}},"type":"binary-expr","locations":[{"start":{"line":35,"column":8},"end":{"line":35,"column":27}},{"start":{"line":35,"column":31},"end":{"line":35,"column":62}}],"line":35},"20":{"loc":{"start":{"line":36,"column":4},"end":{"line":36,"column":91}},"type":"if","locations":[{"start":{"line":36,"column":4},"end":{"line":36,"column":91}},{"start":{"line":36,"column":4},"end":{"line":36,"column":91}}],"line":36},"21":{"loc":{"start":{"line":40,"column":8},"end":{"line":44,"column":9}},"type":"if","locations":[{"start":{"line":40,"column":8},"end":{"line":44,"column":9}},{"start":{"line":40,"column":8},"end":{"line":44,"column":9}}],"line":40},"22":{"loc":{"start":{"line":50,"column":4},"end":{"line":50,"column":137}},"type":"if","locations":[{"start":{"line":50,"column":4},"end":{"line":50,"column":137}},{"start":{"line":50,"column":4},"end":{"line":50,"column":137}}],"line":50},"23":{"loc":{"start":{"line":50,"column":8},"end":{"line":50,"column":62}},"type":"binary-expr","locations":[{"start":{"line":50,"column":8},"end":{"line":50,"column":27}},{"start":{"line":50,"column":31},"end":{"line":50,"column":62}}],"line":50},"24":{"loc":{"start":{"line":54,"column":8},"end":{"line":66,"column":9}},"type":"if","locations":[{"start":{"line":54,"column":8},"end":{"line":66,"column":9}},{"start":{"line":54,"column":8},"end":{"line":66,"column":9}}],"line":54},"25":{"loc":{"start":{"line":56,"column":12},"end":{"line":65,"column":13}},"type":"if","locations":[{"start":{"line":56,"column":12},"end":{"line":65,"column":13}},{"start":{"line":56,"column":12},"end":{"line":65,"column":13}}],"line":56},"26":{"loc":{"start":{"line":56,"column":16},"end":{"line":56,"column":96}},"type":"binary-expr","locations":[{"start":{"line":56,"column":16},"end":{"line":56,"column":39}},{"start":{"line":56,"column":43},"end":{"line":56,"column":69}},{"start":{"line":56,"column":73},"end":{"line":56,"column":96}}],"line":56},"27":{"loc":{"start":{"line":58,"column":20},"end":{"line":58,"column":94}},"type":"if","locations":[{"start":{"line":58,"column":20},"end":{"line":58,"column":94}},{"start":{"line":58,"column":20},"end":{"line":58,"column":94}}],"line":58},"28":{"loc":{"start":{"line":61,"column":19},"end":{"line":65,"column":13}},"type":"if","locations":[{"start":{"line":61,"column":19},"end":{"line":65,"column":13}},{"start":{"line":61,"column":19},"end":{"line":65,"column":13}}],"line":61},"29":{"loc":{"start":{"line":73,"column":4},"end":{"line":73,"column":138}},"type":"if","locations":[{"start":{"line":73,"column":4},"end":{"line":73,"column":138}},{"start":{"line":73,"column":4},"end":{"line":73,"column":138}}],"line":73},"30":{"loc":{"start":{"line":74,"column":4},"end":{"line":74,"column":145}},"type":"if","locations":[{"start":{"line":74,"column":4},"end":{"line":74,"column":145}},{"start":{"line":74,"column":4},"end":{"line":74,"column":145}}],"line":74},"31":{"loc":{"start":{"line":74,"column":8},"end":{"line":74,"column":60}},"type":"binary-expr","locations":[{"start":{"line":74,"column":8},"end":{"line":74,"column":22}},{"start":{"line":74,"column":26},"end":{"line":74,"column":60}}],"line":74},"32":{"loc":{"start":{"line":75,"column":4},"end":{"line":75,"column":145}},"type":"if","locations":[{"start":{"line":75,"column":4},"end":{"line":75,"column":145}},{"start":{"line":75,"column":4},"end":{"line":75,"column":145}}],"line":75},"33":{"loc":{"start":{"line":75,"column":8},"end":{"line":75,"column":60}},"type":"binary-expr","locations":[{"start":{"line":75,"column":8},"end":{"line":75,"column":22}},{"start":{"line":75,"column":26},"end":{"line":75,"column":60}}],"line":75},"34":{"loc":{"start":{"line":76,"column":4},"end":{"line":76,"column":213}},"type":"if","locations":[{"start":{"line":76,"column":4},"end":{"line":76,"column":213}},{"start":{"line":76,"column":4},"end":{"line":76,"column":213}}],"line":76},"35":{"loc":{"start":{"line":76,"column":8},"end":{"line":76,"column":58}},"type":"binary-expr","locations":[{"start":{"line":76,"column":8},"end":{"line":76,"column":21}},{"start":{"line":76,"column":25},"end":{"line":76,"column":58}}],"line":76},"36":{"loc":{"start":{"line":87,"column":37},"end":{"line":87,"column":90}},"type":"binary-expr","locations":[{"start":{"line":87,"column":37},"end":{"line":87,"column":58}},{"start":{"line":87,"column":62},"end":{"line":87,"column":90}}],"line":87}},"s":{"0":0,"1":0,"2":0,"3":0,"4":0,"5":0,"6":0,"7":0,"8":0,"9":0,"10":0,"11":0,"12":0,"13":0,"14":0,"15":0,"16":0,"17":0,"18":1,"19":8,"20":1,"21":7,"22":1,"23":6,"24":1,"25":5,"26":25,"27":3,"28":13,"29":3,"30":5,"31":3,"32":2,"33":3,"34":1,"35":2,"36":1,"37":1,"38":1,"39":5,"40":1,"41":9,"42":1,"43":5,"44":1,"45":4,"46":4,"47":20,"48":20,"49":15,"50":45,"51":15,"52":5,"53":5,"54":15,"55":4,"56":4,"57":0,"58":0,"59":0,"60":0,"61":0,"62":0,"63":0,"64":0,"65":0,"66":0,"67":0,"68":0,"69":0,"70":1,"71":0,"72":0,"73":0,"74":0,"75":0,"76":0,"77":0,"78":0,"79":0,"80":0},"f":{"0":0,"1":0,"2":0,"3":8,"4":25,"5":13,"6":3,"7":5,"8":9,"9":5,"10":20,"11":45,"12":15,"13":0,"14":0,"15":0,"16":0,"17":0,"18":0,"19":0,"20":0,"21":0,"22":0},"b":{"0":[0,0],"1":[0,0],"2":[0,0],"3":[0,0],"4":[0,0],"5":[0,0],"6":[0,0],"7":[0,0],"8":[0,0],"9":[0,0],"10":[0,0],"11":[1,7],"12":[8,7],"13":[1,6],"14":[1,5],"15":[3,22],"16":[3,10],"17":[3,2],"18":[1,2],"19":[3,2],"20":[1,1],"21":[1,4],"22":[1,4],"23":[5,4],"24":[20,0],"25":[15,5],"26":[20,15,10],"27":[15,30],"28":[5,0],"29":[0,0],"30":[0,0],"31":[0,0],"32":[0,0],"33":[0,0],"34":[0,0],"35":[0,0],"36":[0,0]},"_coverageSchema":"1a1c01bbd47fc00a2c39e90264f33305004495a9","hash":"fe592e92b834d40a256077282822d82c88fc25ad"}
,"D:\\myProjects\\FindAHarp-fe\\src\\utils\\testHelpers.js": {"path":"D:\\myProjects\\FindAHarp-fe\\src\\utils\\testHelpers.js","statementMap":{"0":{"start":{"line":1,"column":26},"end":{"line":12,"column":1}},"1":{"start":{"line":2,"column":4},"end":{"line":11,"column":7}},"2":{"start":{"line":4,"column":8},"end":{"line":9,"column":9}},"3":{"start":{"line":5,"column":12},"end":{"line":5,"column":80}},"4":{"start":{"line":8,"column":12},"end":{"line":8,"column":32}},"5":{"start":{"line":10,"column":8},"end":{"line":10,"column":58}}},"fnMap":{"0":{"name":"(anonymous_0)","decl":{"start":{"line":1,"column":26},"end":{"line":1,"column":27}},"loc":{"start":{"line":1,"column":86},"end":{"line":12,"column":1}},"line":1},"1":{"name":"(anonymous_1)","decl":{"start":{"line":2,"column":24},"end":{"line":2,"column":25}},"loc":{"start":{"line":2,"column":30},"end":{"line":11,"column":5}},"line":2}},"branchMap":{},"s":{"0":1,"1":6,"2":6,"3":6,"4":6,"5":6},"f":{"0":6,"1":6},"b":{},"_coverageSchema":"1a1c01bbd47fc00a2c39e90264f33305004495a9","hash":"1a4a41b5be59516a85c23465f82f6566d77f96f9"}
}
