TN:
SF:src\components\Footer.js
FN:3,Footer
FNF:1
FNH:0
FNDA:0,Footer
DA:4,0
LF:1
LH:0
BRF:0
BRH:0
end_of_record
TN:
SF:src\utils\helpers.js
FN:2,leaf
FN:2,(anonymous_1)
FN:20,findSizeWords
FN:30,(anonymous_3)
FN:37,(anonymous_4)
FN:39,(anonymous_5)
FN:48,getModelListForMaker
FN:53,(anonymous_7)
FN:55,(anonymous_8)
FN:62,getModelList
FN:67,(anonymous_10)
FN:72,(anonymous_11)
FN:77,(anonymous_12)
FN:86,getFilteredProducts
FN:87,(anonymous_14)
FN:88,(anonymous_15)
FN:89,(anonymous_16)
FN:90,(anonymous_17)
FNF:18
FNH:10
FNDA:0,leaf
FNDA:0,(anonymous_1)
FNDA:0,findSizeWords
FNDA:8,(anonymous_3)
FNDA:25,(anonymous_4)
FNDA:13,(anonymous_5)
FNDA:3,getModelListForMaker
FNDA:5,(anonymous_7)
FNDA:9,(anonymous_8)
FNDA:5,getModelList
FNDA:20,(anonymous_10)
FNDA:45,(anonymous_11)
FNDA:15,(anonymous_12)
FNDA:0,getFilteredProducts
FNDA:0,(anonymous_14)
FNDA:0,(anonymous_15)
FNDA:0,(anonymous_16)
FNDA:0,(anonymous_17)
DA:2,0
DA:21,0
DA:22,0
DA:23,0
DA:24,0
DA:25,0
DA:26,0
DA:27,0
DA:28,0
DA:30,1
DA:32,8
DA:33,7
DA:34,6
DA:37,5
DA:38,25
DA:39,3
DA:40,13
DA:45,5
DA:46,2
DA:49,3
DA:50,2
DA:52,1
DA:53,1
DA:54,5
DA:55,1
DA:56,9
DA:60,1
DA:64,5
DA:66,4
DA:67,4
DA:69,20
DA:71,20
DA:72,15
DA:73,45
DA:76,5
DA:77,5
DA:78,15
DA:83,4
DA:84,4
DA:87,0
DA:88,0
DA:89,0
DA:90,0
DA:92,0
LF:44
LH:30
BRDA:22,0,0,0
BRDA:22,0,1,0
BRDA:23,1,0,0
BRDA:23,1,1,0
BRDA:23,2,0,0
BRDA:23,2,1,0
BRDA:24,3,0,0
BRDA:24,3,1,0
BRDA:24,4,0,0
BRDA:24,4,1,0
BRDA:25,5,0,0
BRDA:25,5,1,0
BRDA:26,6,0,0
BRDA:26,6,1,0
BRDA:27,7,0,0
BRDA:27,7,1,0
BRDA:32,8,0,1
BRDA:32,8,1,7
BRDA:32,9,0,8
BRDA:32,9,1,7
BRDA:33,10,0,1
BRDA:33,10,1,6
BRDA:34,11,0,1
BRDA:34,11,1,5
BRDA:38,12,0,3
BRDA:38,12,1,22
BRDA:40,13,0,3
BRDA:40,13,1,10
BRDA:45,14,0,3
BRDA:45,14,1,2
BRDA:49,15,0,1
BRDA:49,15,1,2
BRDA:49,16,0,3
BRDA:49,16,1,2
BRDA:50,17,0,1
BRDA:50,17,1,1
BRDA:54,18,0,1
BRDA:54,18,1,4
BRDA:64,19,0,1
BRDA:64,19,1,4
BRDA:64,20,0,5
BRDA:64,20,1,4
BRDA:69,21,0,20
BRDA:69,21,1,0
BRDA:71,22,0,15
BRDA:71,22,1,5
BRDA:71,23,0,20
BRDA:71,23,1,15
BRDA:71,23,2,10
BRDA:73,24,0,15
BRDA:73,24,1,30
BRDA:76,25,0,5
BRDA:76,25,1,0
BRDA:87,26,0,0
BRDA:87,26,1,0
BRDA:88,27,0,0
BRDA:88,27,1,0
BRDA:88,28,0,0
BRDA:88,28,1,0
BRDA:89,29,0,0
BRDA:89,29,1,0
BRDA:89,30,0,0
BRDA:89,30,1,0
BRDA:90,31,0,0
BRDA:90,31,1,0
BRDA:90,32,0,0
BRDA:90,32,1,0
BRF:67
BRH:35
end_of_record
TN:
SF:src\utils\testHelpers.js
FN:1,(anonymous_0)
FN:2,(anonymous_1)
FNF:2
FNH:2
FNDA:6,(anonymous_0)
FNDA:6,(anonymous_1)
DA:1,1
DA:2,6
DA:4,6
DA:5,6
DA:8,6
DA:10,6
LF:6
LH:6
BRF:0
BRH:0
end_of_record
