TN:
SF:src\components\Footer.js
FN:3,Footer
FNF:1
FNH:0
FNDA:0,Footer
DA:4,0
LF:1
LH:0
BRF:0
BRH:0
end_of_record
TN:
SF:src\utils\helpers.js
FN:2,leaf
FN:2,(anonymous_1)
FN:5,findSizeWords
FN:16,(anonymous_3)
FN:23,(anonymous_4)
FN:25,(anonymous_5)
FN:34,getModelListForMaker
FN:39,(anonymous_7)
FN:41,(anonymous_8)
FN:48,getModelList
FN:52,(anonymous_10)
FN:57,(anonymous_11)
FN:62,(anonymous_12)
FN:72,getFilteredProducts
FN:73,(anonymous_14)
FN:74,(anonymous_15)
FN:75,(anonymous_16)
FN:76,(anonymous_17)
FN:81,(anonymous_18)
FN:84,(anonymous_19)
FN:85,(anonymous_20)
FN:87,(anonymous_21)
FN:88,(anonymous_22)
FNF:23
FNH:10
FNDA:0,leaf
FNDA:0,(anonymous_1)
FNDA:0,findSizeWords
FNDA:8,(anonymous_3)
FNDA:25,(anonymous_4)
FNDA:13,(anonymous_5)
FNDA:3,getModelListForMaker
FNDA:5,(anonymous_7)
FNDA:9,(anonymous_8)
FNDA:5,getModelList
FNDA:20,(anonymous_10)
FNDA:45,(anonymous_11)
FNDA:15,(anonymous_12)
FNDA:0,getFilteredProducts
FNDA:0,(anonymous_14)
FNDA:0,(anonymous_15)
FNDA:0,(anonymous_16)
FNDA:0,(anonymous_17)
FNDA:0,(anonymous_18)
FNDA:0,(anonymous_19)
FNDA:0,(anonymous_20)
FNDA:0,(anonymous_21)
FNDA:0,(anonymous_22)
DA:2,0
DA:6,0
DA:7,0
DA:8,0
DA:9,0
DA:10,0
DA:11,0
DA:12,0
DA:13,0
DA:14,0
DA:16,1
DA:18,8
DA:19,7
DA:20,6
DA:23,5
DA:24,25
DA:25,3
DA:26,13
DA:31,5
DA:32,2
DA:35,3
DA:36,2
DA:38,1
DA:39,1
DA:40,5
DA:41,1
DA:42,9
DA:46,1
DA:50,5
DA:51,4
DA:52,4
DA:54,20
DA:56,20
DA:57,15
DA:58,45
DA:61,5
DA:62,5
DA:63,15
DA:69,4
DA:70,4
DA:73,0
DA:74,0
DA:75,0
DA:76,0
DA:78,0
DA:81,1
DA:82,0
DA:83,0
DA:84,0
DA:85,0
DA:87,0
DA:88,0
DA:89,0
LF:53
LH:31
BRDA:7,0,0,0
BRDA:7,0,1,0
BRDA:7,1,0,0
BRDA:7,1,1,0
BRDA:8,2,0,0
BRDA:8,2,1,0
BRDA:8,3,0,0
BRDA:8,3,1,0
BRDA:9,4,0,0
BRDA:9,4,1,0
BRDA:9,5,0,0
BRDA:9,5,1,0
BRDA:10,6,0,0
BRDA:10,6,1,0
BRDA:10,7,0,0
BRDA:10,7,1,0
BRDA:11,8,0,0
BRDA:11,8,1,0
BRDA:12,9,0,0
BRDA:12,9,1,0
BRDA:13,10,0,0
BRDA:13,10,1,0
BRDA:18,11,0,1
BRDA:18,11,1,7
BRDA:18,12,0,8
BRDA:18,12,1,7
BRDA:19,13,0,1
BRDA:19,13,1,6
BRDA:20,14,0,1
BRDA:20,14,1,5
BRDA:24,15,0,3
BRDA:24,15,1,22
BRDA:26,16,0,3
BRDA:26,16,1,10
BRDA:31,17,0,3
BRDA:31,17,1,2
BRDA:35,18,0,1
BRDA:35,18,1,2
BRDA:35,19,0,3
BRDA:35,19,1,2
BRDA:36,20,0,1
BRDA:36,20,1,1
BRDA:40,21,0,1
BRDA:40,21,1,4
BRDA:50,22,0,1
BRDA:50,22,1,4
BRDA:50,23,0,5
BRDA:50,23,1,4
BRDA:54,24,0,20
BRDA:54,24,1,0
BRDA:56,25,0,15
BRDA:56,25,1,5
BRDA:56,26,0,20
BRDA:56,26,1,15
BRDA:56,26,2,10
BRDA:58,27,0,15
BRDA:58,27,1,30
BRDA:61,28,0,5
BRDA:61,28,1,0
BRDA:73,29,0,0
BRDA:73,29,1,0
BRDA:74,30,0,0
BRDA:74,30,1,0
BRDA:74,31,0,0
BRDA:74,31,1,0
BRDA:75,32,0,0
BRDA:75,32,1,0
BRDA:75,33,0,0
BRDA:75,33,1,0
BRDA:76,34,0,0
BRDA:76,34,1,0
BRDA:76,35,0,0
BRDA:76,35,1,0
BRDA:87,36,0,0
BRDA:87,36,1,0
BRF:75
BRH:35
end_of_record
TN:
SF:src\utils\testHelpers.js
FN:1,(anonymous_0)
FN:2,(anonymous_1)
FNF:2
FNH:2
FNDA:6,(anonymous_0)
FNDA:6,(anonymous_1)
DA:1,1
DA:2,6
DA:4,6
DA:5,6
DA:8,6
DA:10,6
LF:6
LH:6
BRF:0
BRH:0
end_of_record
